[Mon, 04 Jun 2018 22:51:12 +0700] [::1] [Run-time notices(8192): preg_replace(): The /e modifier is deprecated, use preg_replace_callback instead] [FILE: /includes/class/request.class.php] [LINE: 10]
[Mon, 04 Jun 2018 22:51:12 +0700] [::1] [Run-time notices(8192): mysql_connect(): The mysql extension is deprecated and will be removed in the future: use mysqli or PDO instead] [FILE: /includes/class/mysql.class.php] [LINE: 10]
[Mon, 04 Jun 2018 22:51:12 +0700] [::1] [Notice(8): Undefined variable: sort_id] [FILE: /modules/shops/funcs/main.php] [LINE: 29]
[Mon, 04 Jun 2018 22:51:12 +0700] [::1] [Notice(8): Undefined variable: sort_id] [FILE: /modules/shops/funcs/main.php] [LINE: 44]
[Mon, 04 Jun 2018 22:51:12 +0700] [::1] [Notice(8): Undefined variable: sort_id] [FILE: /modules/shops/funcs/main.php] [LINE: 97]
[Mon, 04 Jun 2018 22:52:58 +0700] [::1] [Run-time notices(8192): preg_replace(): The /e modifier is deprecated, use preg_replace_callback instead] [FILE: /includes/class/Diagnostic.class.php] [LINE: 10]
[Mon, 04 Jun 2018 22:53:09 +0700] [::1] [Warning(2): imagejpeg(): Filename cannot be empty] [FILE: /includes/core/cronjobs.php] [LINE: 10]
[Mon, 04 Jun 2018 22:53:29 +0700] [::1] [Runtime Notice(2048): Only variables should be passed by reference] [FILE: /modules/shops/admin.functions.php] [LINE: 10]
[Mon, 04 Jun 2018 22:56:42 +0700] [::1] [Warning(2): Missing argument 1 for nv_pro_catalogs(), called in C:\xampp\htdocs\donghothao\modules\shops\blocks\global.block_catalogs.php on line 52 and defined] [FILE: /modules/shops/blocks/global.block_catalogs2.php] [LINE: 83]
[Mon, 04 Jun 2018 22:56:42 +0700] [::1] [Notice(8): Undefined variable: block_config] [FILE: /modules/shops/blocks/global.block_catalogs2.php] [LINE: 89]
[Mon, 04 Jun 2018 22:56:42 +0700] [::1] [Notice(8): Undefined index: ] [FILE: /modules/shops/blocks/global.block_catalogs2.php] [LINE: 91]
[Mon, 04 Jun 2018 22:56:42 +0700] [::1] [Notice(8): Undefined index: ] [FILE: /modules/shops/blocks/global.block_catalogs2.php] [LINE: 93]
[Mon, 04 Jun 2018 22:56:42 +0700] [::1] [Notice(8): Undefined variable: block_config] [FILE: /modules/shops/blocks/global.block_catalogs2.php] [LINE: 97]
[Mon, 04 Jun 2018 22:56:42 +0700] [::1] [Notice(8): Undefined variable: block_config] [FILE: /modules/shops/blocks/global.block_catalogs2.php] [LINE: 99]
[Mon, 04 Jun 2018 22:56:42 +0700] [::1] [Notice(8): Undefined index: ] [FILE: /modules/shops/blocks/global.block_catalogs2.php] [LINE: 101]
[Mon, 04 Jun 2018 22:56:42 +0700] [::1] [Notice(8): Undefined variable: block_config] [FILE: /modules/shops/blocks/global.block_catalogs2.php] [LINE: 158]
[Mon, 04 Jun 2018 22:56:42 +0700] [::1] [Notice(8): Undefined variable: block_config] [FILE: /modules/shops/blocks/global.block_catalogs2.php] [LINE: 160]
[Mon, 04 Jun 2018 22:56:42 +0700] [::1] [User Warning(512): * [themes/donghoviet/modules//] does not exist<br />* parse: blockname [main] does not exist<br />] [FILE: /includes/class/xtemplate.class.php] [LINE: 14]
[Mon, 04 Jun 2018 22:58:13 +0700] [::1] [Warning(2): get_headers(): php_network_getaddresses: getaddrinfo failed: No such host is known. ] [FILE: /includes/class/geturl.class.php] [LINE: 10]
[Mon, 04 Jun 2018 23:06:36 +0700] [::1] [Notice(8): Undefined offset: 0] [FILE: /admin/modules/themes/block_config.php] [LINE: 10]
[Mon, 04 Jun 2018 23:08:25 +0700] [::1] [Notice(8): Undefined offset: 13] [FILE: /modules/shops/functions.php] [LINE: 86]
